[0.379s] Invoking command in '/ros2_ws/src/my_package': PYTHONPATH=/ros2_ws/build/my_package/prefix_override:/ros2_ws/install/my_package/lib/python3.8/site-packages:${PYTHONPATH} /usr/bin/python3 setup.py egg_info --egg-base ../../build/my_package build --build-base /ros2_ws/build/my_package/build install --record /ros2_ws/build/my_package/install.log --install-scripts $base/lib/my_package --single-version-externally-managed
[0.496s] running egg_info
[0.497s] creating ../../build/my_package/my_package.egg-info
[0.497s] writing ../../build/my_package/my_package.egg-info/PKG-INFO
[0.498s] writing dependency_links to ../../build/my_package/my_package.egg-info/dependency_links.txt
[0.498s] writing entry points to ../../build/my_package/my_package.egg-info/entry_points.txt
[0.498s] writing requirements to ../../build/my_package/my_package.egg-info/requires.txt
[0.498s] writing top-level names to ../../build/my_package/my_package.egg-info/top_level.txt
[0.500s] writing manifest file '../../build/my_package/my_package.egg-info/SOURCES.txt'
[0.528s] reading manifest file '../../build/my_package/my_package.egg-info/SOURCES.txt'
[0.530s] writing manifest file '../../build/my_package/my_package.egg-info/SOURCES.txt'
[0.530s] running build
[0.530s] running build_py
[0.530s] creating /ros2_ws/build/my_package/build
[0.530s] creating /ros2_ws/build/my_package/build/lib
[0.530s] creating /ros2_ws/build/my_package/build/lib/my_package
[0.530s] copying my_package/__init__.py -> /ros2_ws/build/my_package/build/lib/my_package
[0.531s] copying my_package/my_node.py -> /ros2_ws/build/my_package/build/lib/my_package
[0.531s] running install
[0.531s] running install_lib
[0.532s] creating /ros2_ws/install/my_package/lib/python3.8/site-packages/my_package
[0.532s] copying /ros2_ws/build/my_package/build/lib/my_package/__init__.py -> /ros2_ws/install/my_package/lib/python3.8/site-packages/my_package
[0.532s] copying /ros2_ws/build/my_package/build/lib/my_package/my_node.py -> /ros2_ws/install/my_package/lib/python3.8/site-packages/my_package
[0.533s] byte-compiling /ros2_ws/install/my_package/lib/python3.8/site-packages/my_package/__init__.py to __init__.cpython-38.pyc
[0.534s] byte-compiling /ros2_ws/install/my_package/lib/python3.8/site-packages/my_package/my_node.py to my_node.cpython-38.pyc
[0.534s] running install_data
[0.535s] creating /ros2_ws/install/my_package/share/ament_index
[0.535s] creating /ros2_ws/install/my_package/share/ament_index/resource_index
[0.535s] creating /ros2_ws/install/my_package/share/ament_index/resource_index/packages
[0.535s] copying resource/my_package -> /ros2_ws/install/my_package/share/ament_index/resource_index/packages
[0.535s] copying package.xml -> /ros2_ws/install/my_package/share/my_package
[0.536s] running install_egg_info
[0.537s] Copying ../../build/my_package/my_package.egg-info to /ros2_ws/install/my_package/lib/python3.8/site-packages/my_package-0.0.0-py3.8.egg-info
[0.537s] running install_scripts
[0.550s] Installing my_node script to /ros2_ws/install/my_package/lib/my_package
[0.550s] writing list of installed files to '/ros2_ws/build/my_package/install.log'
[0.570s] Invoked command in '/ros2_ws/src/my_package' returned '0': PYTHONPATH=/ros2_ws/build/my_package/prefix_override:/ros2_ws/install/my_package/lib/python3.8/site-packages:${PYTHONPATH} /usr/bin/python3 setup.py egg_info --egg-base ../../build/my_package build --build-base /ros2_ws/build/my_package/build install --record /ros2_ws/build/my_package/install.log --install-scripts $base/lib/my_package --single-version-externally-managed
